<?xml version="1.0" encoding="utf-8"?><testsuites name="pytest tests"><testsuite name="pytest" errors="0" failures="0" skipped="0" tests="8" time="1.783" timestamp="2026-05-12T12:35:41.965899+00:00" hostname="agent-env-1dfa304f-9e05-4fa7-a44a-ce645282402a"><testcase classname="backend.tests.test_thynkit_api.TestHealth" name="test_root" time="0.315" /><testcase classname="backend.tests.test_thynkit_api.TestLeads" name="test_create_lead_with_new_service[GSEO &amp; Search Ranking]" time="0.154" /><testcase classname="backend.tests.test_thynkit_api.TestLeads" name="test_create_lead_with_new_service[AI Workflow Automation]" time="0.139" /><testcase classname="backend.tests.test_thynkit_api.TestLeads" name="test_create_lead_with_new_service[AI Agents &amp; Copilots]" time="0.148" /><testcase classname="backend.tests.test_thynkit_api.TestLeads" name="test_lead_succeeds_when_smtp_unconfigured" time="0.068" /><testcase classname="backend.tests.test_thynkit_api.TestLeads" name="test_lead_validation_error" time="0.070" /><testcase classname="backend.tests.test_thynkit_api.TestNewsletter" name="test_idempotent_subscribe" time="0.151" /><testcase classname="backend.tests.test_thynkit_api.TestMetrics" name="test_metrics_keys" time="0.066" /></testsuite></testsuites>